<testsuite name="Mocha Tests" tests="9" failures="0" errors="0" skipped="0" timestamp="Tue, 11 Mar 2014 15:57:22 GMT" time="0.006">
<testcase classname="data #cache" name="should able to get the same cache" time="0"/>
<testcase classname="data #set() &amp; get()" name="should able to set and get data" time="0"/>
<testcase classname="data #remove()" name="should able to remove a data" time="0"/>
<testcase classname="core #toArray" name="should return array" time="0"/>
<testcase classname="core $()" name="should return array" time="0"/>
<testcase classname="css #hasClass()" name="should return true when target className exists" time="0"/>
<testcase classname="css #hasClass()" name="should return false when target className not exists" time="0.001"/>
<testcase classname="css #addClass()" name="should add target class to target element" time="0"/>
<testcase classname="css #removeClass()" name="should remove target class from target element" time="0"/>
</testsuite>
